<?xml version="1.0" encoding="UTF-8"?>
<testng-results skipped="0" failed="0" total="2" passed="2">
  <reporter-output>
  </reporter-output>
  <suite name="Default suite" duration-ms="1062" started-at="2022-01-24T21:39:55Z" finished-at="2022-01-24T21:39:56Z">
    <groups>
    </groups>
    <test name="Default test" duration-ms="1062" started-at="2022-01-24T21:39:55Z" finished-at="2022-01-24T21:39:56Z">
      <class name="com.qa.tests.GetAPITest">
        <test-method status="PASS" signature="setUp()" name="setUp" is-config="true" duration-ms="9" started-at="2022-01-24T21:39:55Z" finished-at="2022-01-24T21:39:55Z">
        </test-method>
        <test-method status="PASS" signature="getAPITestWithoutHeaders()" name="getAPITestWithoutHeaders" duration-ms="1003" started-at="2022-01-24T21:39:55Z" finished-at="2022-01-24T21:39:56Z">
        </test-method>
        <test-method status="PASS" signature="getAPITestWithHeaders()" name="getAPITestWithHeaders" duration-ms="43" started-at="2022-01-24T21:39:56Z" finished-at="2022-01-24T21:39:56Z">
        </test-method>
        <test-method status="PASS" signature="setUp()" name="setUp" is-config="true" duration-ms="0" started-at="2022-01-24T21:39:56Z" finished-at="2022-01-24T21:39:56Z">
        </test-method>
      </class>
    </test>
  </suite>
</testng-results>
